30-Jan-2024 18:35:59.762 INFO [main] org.apache.catalina.startup.VersionLoggerListener.log 서버 버전 이름:    Apache Tomcat/10.1.18
30-Jan-2024 18:35:59.766 INFO [main] org.apache.catalina.startup.VersionLoggerListener.log Server 빌드 시각:  Jan 5 2024 14:39:40 UTC
30-Jan-2024 18:35:59.767 INFO [main] org.apache.catalina.startup.VersionLoggerListener.log Server 버전 번호:  10.1.18.0
30-Jan-2024 18:35:59.768 INFO [main] org.apache.catalina.startup.VersionLoggerListener.log 운영체제 이름:     Windows 10
30-Jan-2024 18:35:59.768 INFO [main] org.apache.catalina.startup.VersionLoggerListener.log 운영체제 버전:     10.0
30-Jan-2024 18:35:59.768 INFO [main] org.apache.catalina.startup.VersionLoggerListener.log 아키텍처:          amd64
30-Jan-2024 18:35:59.768 INFO [main] org.apache.catalina.startup.VersionLoggerListener.log 자바 홈:           C:\Program Files\Java\jdk-17
30-Jan-2024 18:35:59.768 INFO [main] org.apache.catalina.startup.VersionLoggerListener.log JVM 버전:          17.0.10+11-LTS-240
30-Jan-2024 18:35:59.768 INFO [main] org.apache.catalina.startup.VersionLoggerListener.log JVM 벤더:          Oracle Corporation
30-Jan-2024 18:35:59.768 INFO [main] org.apache.catalina.startup.VersionLoggerListener.log CATALINA_BASE:     C:\workplace\git\Show_me_what_you_got\smwyg
30-Jan-2024 18:35:59.768 INFO [main] org.apache.catalina.startup.VersionLoggerListener.log CATALINA_HOME:     C:\App\apache-tomcat-10.1.18
30-Jan-2024 18:35:59.778 INFO [main] org.apache.catalina.startup.VersionLoggerListener.log 명령 행 아규먼트:  --add-opens=java.base/java.lang=ALL-UNNAMED
30-Jan-2024 18:35:59.778 INFO [main] org.apache.catalina.startup.VersionLoggerListener.log 명령 행 아규먼트:  --add-opens=java.base/java.io=ALL-UNNAMED
30-Jan-2024 18:35:59.779 INFO [main] org.apache.catalina.startup.VersionLoggerListener.log 명령 행 아규먼트:  --add-opens=java.base/java.util=ALL-UNNAMED
30-Jan-2024 18:35:59.779 INFO [main] org.apache.catalina.startup.VersionLoggerListener.log 명령 행 아규먼트:  --add-opens=java.base/java.util.concurrent=ALL-UNNAMED
30-Jan-2024 18:35:59.779 INFO [main] org.apache.catalina.startup.VersionLoggerListener.log 명령 행 아규먼트:  --add-opens=java.rmi/sun.rmi.transport=ALL-UNNAMED
30-Jan-2024 18:35:59.779 INFO [main] org.apache.catalina.startup.VersionLoggerListener.log 명령 행 아규먼트:  -Dcatalina.home=C:\App\apache-tomcat-10.1.18
30-Jan-2024 18:35:59.779 INFO [main] org.apache.catalina.startup.VersionLoggerListener.log 명령 행 아규먼트:  -Dcatalina.base=C:\workplace\git\Show_me_what_you_got\smwyg
30-Jan-2024 18:35:59.779 INFO [main] org.apache.catalina.startup.VersionLoggerListener.log 명령 행 아규먼트:  -Djava.io.tmpdir=C:\workplace\git\Show_me_what_you_got\smwyg\temp
30-Jan-2024 18:35:59.779 INFO [main] org.apache.catalina.startup.VersionLoggerListener.log 명령 행 아규먼트:  -Djava.util.logging.config.file=C:\workplace\git\Show_me_what_you_got\smwyg\conf\logging.properties
30-Jan-2024 18:35:59.779 INFO [main] org.apache.catalina.startup.VersionLoggerListener.log 명령 행 아규먼트:  -Djava.util.logging.manager=org.apache.juli.ClassLoaderLogManager
30-Jan-2024 18:35:59.779 INFO [main] org.apache.catalina.startup.VersionLoggerListener.log 명령 행 아규먼트:  -javaagent:C:\App\IntelliJ IDEA Community Edition 2023.3.3\lib\idea_rt.jar=58002:C:\App\IntelliJ IDEA Community Edition 2023.3.3\bin
30-Jan-2024 18:35:59.779 INFO [main] org.apache.catalina.startup.VersionLoggerListener.log 명령 행 아규먼트:  -Dfile.encoding=UTF-8
30-Jan-2024 18:35:59.783 INFO [main] org.apache.catalina.core.AprLifecycleListener.lifecycleEvent APR 버전 [1.7.4]을(를) 사용한, APR 기반 Apache Tomcat Native 라이브러리 [2.0.6]을(를) 로드했습니다.
30-Jan-2024 18:35:59.788 INFO [main] org.apache.catalina.core.AprLifecycleListener.initializeSSL OpenSSL이 성공적으로 초기화되었습니다: [OpenSSL 3.0.11 19 Sep 2023]
30-Jan-2024 18:35:59.984 INFO [main] org.apache.coyote.AbstractProtocol.init 프로토콜 핸들러 ["http-nio-8080"]을(를) 초기화합니다.
30-Jan-2024 18:36:00.006 INFO [main] org.apache.catalina.startup.Catalina.load [408] 밀리초 내에 서버가 초기화되었습니다.
30-Jan-2024 18:36:00.065 INFO [main] org.apache.catalina.core.StandardService.startInternal 서비스 [Catalina]을(를) 시작합니다.
30-Jan-2024 18:36:00.065 INFO [main] org.apache.catalina.core.StandardEngine.startInternal 서버 엔진을 시작합니다: [Apache Tomcat/10.1.18]
30-Jan-2024 18:36:00.081 INFO [main] org.apache.catalina.startup.HostConfig.deployDescriptor 배치 descriptor [C:\workplace\git\Show_me_what_you_got\smwyg\conf\Catalina\localhost\smwyg.xml]을(를) 배치합니다.
30-Jan-2024 18:36:00.440 INFO [main] org.apache.catalina.startup.HostConfig.deployDescriptor 배치 descriptor [C:\workplace\git\Show_me_what_you_got\smwyg\conf\Catalina\localhost\smwyg.xml]의 배치가 [357] 밀리초 내에 완료되었습니다.
30-Jan-2024 18:36:00.443 INFO [main] org.apache.coyote.AbstractProtocol.start 프로토콜 핸들러 ["http-nio-8080"]을(를) 시작합니다.
30-Jan-2024 18:36:00.495 INFO [main] org.apache.catalina.startup.Catalina.start 서버가 [489] 밀리초 내에 시작되었습니다.
30-Jan-2024 18:36:49.781 INFO [Thread-1] org.apache.coyote.AbstractProtocol.pause 프로토콜 핸들러 ["http-nio-8080"]을(를) 일시 정지 중
30-Jan-2024 18:36:49.789 INFO [Thread-1] org.apache.catalina.core.StandardService.stopInternal 서비스 [Catalina]을(를) 중지시킵니다.
30-Jan-2024 18:36:49.797 INFO [Thread-1] org.apache.coyote.AbstractProtocol.stop 프로토콜 핸들러 ["http-nio-8080"]을(를) 중지시킵니다.
30-Jan-2024 18:36:49.801 INFO [Thread-1] org.apache.coyote.AbstractProtocol.destroy 프로토콜 핸들러 ["http-nio-8080"]을(를) 소멸시킵니다.
30-Jan-2024 18:36:51.539 INFO [main] org.apache.catalina.startup.VersionLoggerListener.log 서버 버전 이름:    Apache Tomcat/10.1.18
30-Jan-2024 18:36:51.542 INFO [main] org.apache.catalina.startup.VersionLoggerListener.log Server 빌드 시각:  Jan 5 2024 14:39:40 UTC
30-Jan-2024 18:36:51.542 INFO [main] org.apache.catalina.startup.VersionLoggerListener.log Server 버전 번호:  10.1.18.0
30-Jan-2024 18:36:51.542 INFO [main] org.apache.catalina.startup.VersionLoggerListener.log 운영체제 이름:     Windows 10
30-Jan-2024 18:36:51.542 INFO [main] org.apache.catalina.startup.VersionLoggerListener.log 운영체제 버전:     10.0
30-Jan-2024 18:36:51.542 INFO [main] org.apache.catalina.startup.VersionLoggerListener.log 아키텍처:          amd64
30-Jan-2024 18:36:51.542 INFO [main] org.apache.catalina.startup.VersionLoggerListener.log 자바 홈:           C:\Program Files\Java\jdk-17
30-Jan-2024 18:36:51.542 INFO [main] org.apache.catalina.startup.VersionLoggerListener.log JVM 버전:          17.0.10+11-LTS-240
30-Jan-2024 18:36:51.542 INFO [main] org.apache.catalina.startup.VersionLoggerListener.log JVM 벤더:          Oracle Corporation
30-Jan-2024 18:36:51.543 INFO [main] org.apache.catalina.startup.VersionLoggerListener.log CATALINA_BASE:     C:\workplace\git\Show_me_what_you_got\smwyg
30-Jan-2024 18:36:51.543 INFO [main] org.apache.catalina.startup.VersionLoggerListener.log CATALINA_HOME:     C:\App\apache-tomcat-10.1.18
30-Jan-2024 18:36:51.551 INFO [main] org.apache.catalina.startup.VersionLoggerListener.log 명령 행 아규먼트:  --add-opens=java.base/java.lang=ALL-UNNAMED
30-Jan-2024 18:36:51.551 INFO [main] org.apache.catalina.startup.VersionLoggerListener.log 명령 행 아규먼트:  --add-opens=java.base/java.io=ALL-UNNAMED
30-Jan-2024 18:36:51.551 INFO [main] org.apache.catalina.startup.VersionLoggerListener.log 명령 행 아규먼트:  --add-opens=java.base/java.util=ALL-UNNAMED
30-Jan-2024 18:36:51.551 INFO [main] org.apache.catalina.startup.VersionLoggerListener.log 명령 행 아규먼트:  --add-opens=java.base/java.util.concurrent=ALL-UNNAMED
30-Jan-2024 18:36:51.551 INFO [main] org.apache.catalina.startup.VersionLoggerListener.log 명령 행 아규먼트:  --add-opens=java.rmi/sun.rmi.transport=ALL-UNNAMED
30-Jan-2024 18:36:51.551 INFO [main] org.apache.catalina.startup.VersionLoggerListener.log 명령 행 아규먼트:  -Dcatalina.home=C:\App\apache-tomcat-10.1.18
30-Jan-2024 18:36:51.551 INFO [main] org.apache.catalina.startup.VersionLoggerListener.log 명령 행 아규먼트:  -Dcatalina.base=C:\workplace\git\Show_me_what_you_got\smwyg
30-Jan-2024 18:36:51.551 INFO [main] org.apache.catalina.startup.VersionLoggerListener.log 명령 행 아규먼트:  -Djava.io.tmpdir=C:\workplace\git\Show_me_what_you_got\smwyg\temp
30-Jan-2024 18:36:51.552 INFO [main] org.apache.catalina.startup.VersionLoggerListener.log 명령 행 아규먼트:  -Djava.util.logging.config.file=C:\workplace\git\Show_me_what_you_got\smwyg\conf\logging.properties
30-Jan-2024 18:36:51.552 INFO [main] org.apache.catalina.startup.VersionLoggerListener.log 명령 행 아규먼트:  -Djava.util.logging.manager=org.apache.juli.ClassLoaderLogManager
30-Jan-2024 18:36:51.552 INFO [main] org.apache.catalina.startup.VersionLoggerListener.log 명령 행 아규먼트:  -javaagent:C:\App\IntelliJ IDEA Community Edition 2023.3.3\lib\idea_rt.jar=58021:C:\App\IntelliJ IDEA Community Edition 2023.3.3\bin
30-Jan-2024 18:36:51.552 INFO [main] org.apache.catalina.startup.VersionLoggerListener.log 명령 행 아규먼트:  -Dfile.encoding=UTF-8
30-Jan-2024 18:36:51.553 INFO [main] org.apache.catalina.core.AprLifecycleListener.lifecycleEvent APR 버전 [1.7.4]을(를) 사용한, APR 기반 Apache Tomcat Native 라이브러리 [2.0.6]을(를) 로드했습니다.
30-Jan-2024 18:36:51.558 INFO [main] org.apache.catalina.core.AprLifecycleListener.initializeSSL OpenSSL이 성공적으로 초기화되었습니다: [OpenSSL 3.0.11 19 Sep 2023]
30-Jan-2024 18:36:51.761 INFO [main] org.apache.coyote.AbstractProtocol.init 프로토콜 핸들러 ["http-nio-8080"]을(를) 초기화합니다.
30-Jan-2024 18:36:51.780 INFO [main] org.apache.catalina.startup.Catalina.load [400] 밀리초 내에 서버가 초기화되었습니다.
30-Jan-2024 18:36:51.829 INFO [main] org.apache.catalina.core.StandardService.startInternal 서비스 [Catalina]을(를) 시작합니다.
30-Jan-2024 18:36:51.830 INFO [main] org.apache.catalina.core.StandardEngine.startInternal 서버 엔진을 시작합니다: [Apache Tomcat/10.1.18]
30-Jan-2024 18:36:51.842 INFO [main] org.apache.catalina.startup.HostConfig.deployDescriptor 배치 descriptor [C:\workplace\git\Show_me_what_you_got\smwyg\conf\Catalina\localhost\smwyg.xml]을(를) 배치합니다.
30-Jan-2024 18:36:52.155 INFO [main] org.apache.catalina.startup.HostConfig.deployDescriptor 배치 descriptor [C:\workplace\git\Show_me_what_you_got\smwyg\conf\Catalina\localhost\smwyg.xml]의 배치가 [312] 밀리초 내에 완료되었습니다.
30-Jan-2024 18:36:52.159 INFO [main] org.apache.coyote.AbstractProtocol.start 프로토콜 핸들러 ["http-nio-8080"]을(를) 시작합니다.
30-Jan-2024 18:36:52.207 INFO [main] org.apache.catalina.startup.Catalina.start 서버가 [425] 밀리초 내에 시작되었습니다.
30-Jan-2024 18:37:57.620 INFO [Thread-1] org.apache.coyote.AbstractProtocol.pause 프로토콜 핸들러 ["http-nio-8080"]을(를) 일시 정지 중
30-Jan-2024 18:37:57.628 INFO [Thread-1] org.apache.catalina.core.StandardService.stopInternal 서비스 [Catalina]을(를) 중지시킵니다.
30-Jan-2024 18:37:57.637 INFO [Thread-1] org.apache.coyote.AbstractProtocol.stop 프로토콜 핸들러 ["http-nio-8080"]을(를) 중지시킵니다.
30-Jan-2024 18:37:57.641 INFO [Thread-1] org.apache.coyote.AbstractProtocol.destroy 프로토콜 핸들러 ["http-nio-8080"]을(를) 소멸시킵니다.
